<?xml version="1.0" encoding="UTF-8"?>
<testsuite name="com.hubsante.model.EdxlHandlerTest" tests="10" skipped="0" failures="0" errors="0" timestamp="2023-12-12T10:36:00" hostname="fv-az575-669" time="0.537">
  <properties/>
  <testcase name="should consistently deserialize EDXL with several content objects" classname="com.hubsante.model.EdxlHandlerTest" time="0.118"/>
  <testcase name="should consistently deserialize then serialize XML RC-REF" classname="com.hubsante.model.EdxlHandlerTest" time="0.077"/>
  <testcase name="should add XML prefix" classname="com.hubsante.model.EdxlHandlerTest" time="0.101"/>
  <testcase name="should consistently deserialize then serialize XML RS-INFO" classname="com.hubsante.model.EdxlHandlerTest" time="0.021"/>
  <testcase name="should consistently deserialize then serialize JSON RC-EDA" classname="com.hubsante.model.EdxlHandlerTest" time="0.04"/>
  <testcase name="should consistently deserialize then serialize JSON RS-INFO" classname="com.hubsante.model.EdxlHandlerTest" time="0.012"/>
  <testcase name="should consistently deserialize then serialize JSON EMSI-DC" classname="com.hubsante.model.EdxlHandlerTest" time="0.062"/>
  <testcase name="should consistently deserialize then serialize XML RC-EDA" classname="com.hubsante.model.EdxlHandlerTest" time="0.047"/>
  <testcase name="should consistently deserialize then serialize XML EMSI-DC" classname="com.hubsante.model.EdxlHandlerTest" time="0.035"/>
  <testcase name="should consistently deserialize then serialize JSON RC-REF" classname="com.hubsante.model.EdxlHandlerTest" time="0.009"/>
  <system-out><![CDATA[]]></system-out>
  <system-err><![CDATA[SLF4J: No SLF4J providers were found.
SLF4J: Defaulting to no-operation (NOP) logger implementation
SLF4J: See https://www.slf4j.org/codes.html#noProviders for further details.
]]></system-err>
</testsuite>
