<?xml version="1.0" encoding="UTF-8"?>
<testsuite name="com.hubsante.model.builders.ReferenceWrapperBuilderTest" tests="2" skipped="0" failures="0" errors="0" timestamp="2023-12-12T10:46:45" hostname="fv-az1116-294" time="0.003">
  <properties/>
  <testcase name="should not build a RC_REF with invalid kind" classname="com.hubsante.model.builders.ReferenceWrapperBuilderTest" time="0.002"/>
  <testcase name="should build an EDXL Message from a built RC-REF" classname="com.hubsante.model.builders.ReferenceWrapperBuilderTest" time="0.0"/>
  <system-out><![CDATA[]]></system-out>
  <system-err><![CDATA[]]></system-err>
</testsuite>
