<?xml version="1.0" encoding="UTF-8"?>
<testsuite name="com.hubsante.model.builders.CreateCaseWrapperBuilderTest" tests="2" skipped="0" failures="0" errors="0" timestamp="2023-12-12T12:51:59" hostname="fv-az525-163" time="0.046">
  <properties/>
  <testcase name="should build a RC-EDA Message" classname="com.hubsante.model.builders.CreateCaseWrapperBuilderTest" time="0.026"/>
  <testcase name="should not build a RC_EDA with invalid kind" classname="com.hubsante.model.builders.CreateCaseWrapperBuilderTest" time="0.018"/>
  <system-out><![CDATA[]]></system-out>
  <system-err><![CDATA[]]></system-err>
</testsuite>
