<?xml version="1.0" encoding="UTF-8"?>
<testsuite name="com.hubsante.model.ValidatorTest" tests="11" skipped="0" failures="0" errors="0" timestamp="2023-12-12T10:36:01" hostname="fv-az575-669" time="0.29">
  <properties/>
  <testcase name="RC-REF validation fails" classname="com.hubsante.model.ValidatorTest" time="0.117"/>
  <testcase name="no schemas detected" classname="com.hubsante.model.ValidatorTest" time="0.026"/>
  <testcase name="RS-INFO validation fails" classname="com.hubsante.model.ValidatorTest" time="0.019"/>
  <testcase name="RC-EDA validation fails" classname="com.hubsante.model.ValidatorTest" time="0.028"/>
  <testcase name="EMSI-DC validation passes" classname="com.hubsante.model.ValidatorTest" time="0.012"/>
  <testcase name="RS-INFO validation passes" classname="com.hubsante.model.ValidatorTest" time="0.008"/>
  <testcase name="invalid content valid enveloppe" classname="com.hubsante.model.ValidatorTest" time="0.012"/>
  <testcase name="RC-REF validation passes" classname="com.hubsante.model.ValidatorTest" time="0.007"/>
  <testcase name="EMSI-DC validation fails" classname="com.hubsante.model.ValidatorTest" time="0.015"/>
  <testcase name="too many valid schemas" classname="com.hubsante.model.ValidatorTest" time="0.024"/>
  <testcase name="RC-EDA validation passes" classname="com.hubsante.model.ValidatorTest" time="0.008"/>
  <system-out><![CDATA[]]></system-out>
  <system-err><![CDATA[]]></system-err>
</testsuite>
