<?xml version="1.0" encoding="UTF-8"?>
<testsuite name="com.hubsante.model.builders.CreateCaseWrapperBuilderTest" tests="2" skipped="0" failures="0" errors="0" timestamp="2023-12-12T10:46:45" hostname="fv-az1116-294" time="0.063">
  <properties/>
  <testcase name="should build a RC-EDA Message" classname="com.hubsante.model.builders.CreateCaseWrapperBuilderTest" time="0.044"/>
  <testcase name="should not build a RC_EDA with invalid kind" classname="com.hubsante.model.builders.CreateCaseWrapperBuilderTest" time="0.017"/>
  <system-out><![CDATA[]]></system-out>
  <system-err><![CDATA[]]></system-err>
</testsuite>
